<?xml version="1.0" encoding="UTF-8"?>
<!-- Generated by org.testng.reporters.JUnitXMLReporter -->
<testsuite ignored="0" hostname="Kishores-MacBook-Air.local" failures="1" tests="5" name="Default test" time="280.472" errors="0" timestamp="2022-11-02T16:42:05 IST">
  <testcase classname="com.examarly.HomePageWeb" name="Landingpage" time="272.667"/>
  <testcase classname="com.examarly.HomePageWeb" name="About" time="1.098">
    <failure type="org.openqa.selenium.ElementClickInterceptedException" message="element click intercepted: Element &amp;lt;a href=&amp;quot;/aboutUs&amp;quot;&amp;gt;...&amp;lt;/a&amp;gt; is not clickable at point (791, 36). Other element would receive the click: &amp;lt;span style=&amp;quot;margin-bottom: 5px; text-align: left; font-size: 14px; font-weight: 700; overflow: hidden; height: 2.8em; line-height: 1.4em; display: block; font-family: &amp;amp;quot;Open Sans&amp;amp;quot;, sans-serif !important; word-spacing: normal !important; letter-spacing: normal !important; color: rgb(0, 0, 0);&amp;quot; ng-style=&amp;quot;{&amp;apos;color&amp;apos;: webPushPreview[&amp;apos;bannerv2&amp;apos;][&amp;apos;web&amp;apos;][&amp;apos;text&amp;apos;][&amp;apos;titleColor&amp;apos;]+&amp;apos; !important&amp;apos;}&amp;quot; class=&amp;quot;ng-binding&amp;quot;&amp;gt;...&amp;lt;/span&amp;gt;
  (Session info: chrome=107.0.5304.87)
Build info: version: &amp;apos;4.3.0&amp;apos;, revision: &amp;apos;a4995e2c09*&amp;apos;
System info: host: &amp;apos;Kishores-MacBook-Air.local&amp;apos;, ip: &amp;apos;2401:4900:1cbc:b5ec:b05f:35ed:7585:bfae%en0&amp;apos;, os.name: &amp;apos;Mac OS X&amp;apos;, os.arch: &amp;apos;aarch64&amp;apos;, os.version: &amp;apos;13.0&amp;apos;, java.version: &amp;apos;18.0.2.1&amp;apos;
Driver info: org.openqa.selenium.chrome.ChromeDriver
Command: [f764f8c1f6490080ac15c318bb71ac81, clickElement {id=3a6025fd-ad11-44c3-bcea-db258033db68}]
Capabilities {acceptInsecureCerts: false, browserName: chrome, browserVersion: 107.0.5304.87, chrome: {chromedriverVersion: 107.0.5304.62 (1eec40d3a576..., userDataDir: /var/folders/w2/tnn1nt2x1x7...}, goog:chromeOptions: {debuggerAddress: localhost:56875}, networkConnectionEnabled: false, pageLoadStrategy: normal, platformName: MAC, proxy: Proxy(), se:cdp: ws://localhost:56875/devtoo..., se:cdpVersion: 107.0.5304.87, setWindowRect: true, strictFileInteractability: false, timeouts: {implicit: 0, pageLoad: 300000, script: 30000}, unhandledPromptBehavior: dismiss and notify, webauthn:extension:credBlob: true, webauthn:extension:largeBlob: true, webauthn:virtualAuthenticators: true}
Element: [[ChromeDriver: chrome on MAC (f764f8c1f6490080ac15c318bb71ac81)] -&amp;gt; xpath: //a[normalize-space()=&amp;apos;About&amp;apos;]]
Session ID: f764f8c1f6490080ac15c318bb71ac81">
      <![CDATA[org.openqa.selenium.ElementClickInterceptedException: element click intercepted: Element <a href="/aboutUs">...</a> is not clickable at point (791, 36). Other element would receive the click: <span style="margin-bottom: 5px; text-align: left; font-size: 14px; font-weight: 700; overflow: hidden; height: 2.8em; line-height: 1.4em; display: block; font-family: &quot;Open Sans&quot;, sans-serif !important; word-spacing: normal !important; letter-spacing: normal !important; color: rgb(0, 0, 0);" ng-style="{'color': webPushPreview['bannerv2']['web']['text']['titleColor']+' !important'}" class="ng-binding">...</span>
  (Session info: chrome=107.0.5304.87)
Build info: version: '4.3.0', revision: 'a4995e2c09*'
System info: host: 'Kishores-MacBook-Air.local', ip: '2401:4900:1cbc:b5ec:b05f:35ed:7585:bfae%en0', os.name: 'Mac OS X', os.arch: 'aarch64', os.version: '13.0', java.version: '18.0.2.1'
Driver info: org.openqa.selenium.chrome.ChromeDriver
Command: [f764f8c1f6490080ac15c318bb71ac81, clickElement {id=3a6025fd-ad11-44c3-bcea-db258033db68}]
Capabilities {acceptInsecureCerts: false, browserName: chrome, browserVersion: 107.0.5304.87, chrome: {chromedriverVersion: 107.0.5304.62 (1eec40d3a576..., userDataDir: /var/folders/w2/tnn1nt2x1x7...}, goog:chromeOptions: {debuggerAddress: localhost:56875}, networkConnectionEnabled: false, pageLoadStrategy: normal, platformName: MAC, proxy: Proxy(), se:cdp: ws://localhost:56875/devtoo..., se:cdpVersion: 107.0.5304.87, setWindowRect: true, strictFileInteractability: false, timeouts: {implicit: 0, pageLoad: 300000, script: 30000}, unhandledPromptBehavior: dismiss and notify, webauthn:extension:credBlob: true, webauthn:extension:largeBlob: true, webauthn:virtualAuthenticators: true}
Element: [[ChromeDriver: chrome on MAC (f764f8c1f6490080ac15c318bb71ac81)] -> xpath: //a[normalize-space()='About']]
Session ID: f764f8c1f6490080ac15c318bb71ac81
at java.base/jdk.internal.reflect.DirectConstructorHandleAccessor.newInstance(DirectConstructorHandleAccessor.java:67)
at java.base/java.lang.reflect.Constructor.newInstanceWithCaller(Constructor.java:499)
at java.base/java.lang.reflect.Constructor.newInstance(Constructor.java:483)
at org.openqa.selenium.remote.codec.w3c.W3CHttpResponseCodec.createException(W3CHttpResponseCodec.java:200)
at org.openqa.selenium.remote.codec.w3c.W3CHttpResponseCodec.decode(W3CHttpResponseCodec.java:133)
at org.openqa.selenium.remote.codec.w3c.W3CHttpResponseCodec.decode(W3CHttpResponseCodec.java:53)
at org.openqa.selenium.remote.HttpCommandExecutor.execute(HttpCommandExecutor.java:184)
at org.openqa.selenium.remote.service.DriverCommandExecutor.invokeExecute(DriverCommandExecutor.java:167)
at org.openqa.selenium.remote.service.DriverCommandExecutor.execute(DriverCommandExecutor.java:142)
at org.openqa.selenium.remote.RemoteWebDriver.execute(RemoteWebDriver.java:569)
at org.openqa.selenium.remote.RemoteWebElement.execute(RemoteWebElement.java:257)
at org.openqa.selenium.remote.RemoteWebElement.click(RemoteWebElement.java:78)
at java.base/jdk.internal.reflect.DirectMethodHandleAccessor.invoke(DirectMethodHandleAccessor.java:104)
at java.base/java.lang.reflect.Method.invoke(Method.java:577)
at org.openqa.selenium.support.pagefactory.internal.LocatingElementHandler.invoke(LocatingElementHandler.java:52)
at jdk.proxy2/jdk.proxy2.$Proxy19.click(Unknown Source)
at com.examarly.QA_Pages.AboutPageWeb.Aboutus(AboutPageWeb.java:23)
at com.examarly.HomePageWeb.About(HomePageWeb.java:96)
at java.base/jdk.internal.reflect.DirectMethodHandleAccessor.invoke(DirectMethodHandleAccessor.java:104)
at java.base/java.lang.reflect.Method.invoke(Method.java:577)
at org.testng.internal.invokers.MethodInvocationHelper.invokeMethod(MethodInvocationHelper.java:139)
at org.testng.internal.invokers.TestInvoker.invokeMethod(TestInvoker.java:677)
at org.testng.internal.invokers.TestInvoker.invokeTestMethod(TestInvoker.java:221)
at org.testng.internal.invokers.MethodRunner.runInSequence(MethodRunner.java:50)
at org.testng.internal.invokers.TestInvoker$MethodInvocationAgent.invoke(TestInvoker.java:962)
at org.testng.internal.invokers.TestInvoker.invokeTestMethods(TestInvoker.java:194)
at org.testng.internal.invokers.TestMethodWorker.invokeTestMethods(TestMethodWorker.java:148)
at org.testng.internal.invokers.TestMethodWorker.run(TestMethodWorker.java:128)
at java.base/java.util.ArrayList.forEach(ArrayList.java:1511)
at org.testng.TestRunner.privateRun(TestRunner.java:806)
at org.testng.TestRunner.run(TestRunner.java:601)
at org.testng.SuiteRunner.runTest(SuiteRunner.java:433)
at org.testng.SuiteRunner.runSequentially(SuiteRunner.java:427)
at org.testng.SuiteRunner.privateRun(SuiteRunner.java:387)
at org.testng.SuiteRunner.run(SuiteRunner.java:330)
at org.testng.SuiteRunnerWorker.runSuite(SuiteRunnerWorker.java:52)
at org.testng.SuiteRunnerWorker.run(SuiteRunnerWorker.java:95)
at org.testng.TestNG.runSuitesSequentially(TestNG.java:1256)
at org.testng.TestNG.runSuitesLocally(TestNG.java:1176)
at org.testng.TestNG.runSuites(TestNG.java:1099)
at org.testng.TestNG.run(TestNG.java:1067)
at org.testng.remote.AbstractRemoteTestNG.run(AbstractRemoteTestNG.java:115)
at org.testng.remote.RemoteTestNG.initAndRun(RemoteTestNG.java:251)
at org.testng.remote.RemoteTestNG.main(RemoteTestNG.java:77)
]]>
    </failure>
  </testcase> <!-- About -->
  <testcase classname="com.examarly.HomePageWeb" name="Contact" time="0.0">
    <skipped/>
  </testcase> <!-- Contact -->
  <testcase classname="com.examarly.HomePageWeb" name="FAQ" time="0.0">
    <skipped/>
  </testcase> <!-- FAQ -->
  <testcase classname="com.examarly.HomePageWeb" name="BLOG" time="0.001">
    <skipped/>
  </testcase> <!-- BLOG -->
</testsuite> <!-- Default test -->
